<?xml version="1.0" encoding="UTF-8"?>
<!-- Generated by org.testng.reporters.JUnitXMLReporter -->
<testsuite hostname="WINDOWS-IL9T34B" name="Test1" tests="2" failures="0" timestamp="10 Jun 2020 17:58:12 GMT" time="0.303" errors="0">
  <testcase name="@BeforeTest Driver" time="0.0" classname="GaneshBorkar.JobSearch.Monster">
    <failure type="java.lang.Error" message="Unresolved compilation problem: 
	Unhandled exception type IOException
">
      <![CDATA[java.lang.Error: Unresolved compilation problem: 
	Unhandled exception type IOException

	at GaneshBorkar.JobSearch.Monster.Driver(Monster.java:22)
... Removed 23 stack frames]]>
    </failure>
  </testcase> <!-- @BeforeTest Driver -->
  <testcase name="@AfterTest tearApart" time="0.0" classname="GaneshBorkar.JobSearch.Monster">
    <skipped/>
  </testcase> <!-- @AfterTest tearApart -->
  <testcase name="login" time="0.003" classname="GaneshBorkar.JobSearch.Monster">
    <skipped/>
  </testcase> <!-- login -->
  <testcase name="updateProfile" time="0.008" classname="GaneshBorkar.JobSearch.Monster">
    <skipped/>
  </testcase> <!-- updateProfile -->
</testsuite> <!-- Test1 -->
