<?xml version="1.0" encoding="UTF-8"?>
<!-- Generated by org.testng.reporters.JUnitXMLReporter -->
<testsuite hostname="WINDOWS-IL9T34B" name="Test2" tests="2" failures="0" timestamp="10 Jun 2020 17:58:13 GMT" time="0.016" errors="0">
  <testcase name="@BeforeTest invoke" time="0.0" classname="GaneshBorkar.JobSearch.Naukri">
    <failure type="java.lang.Error" message="Unresolved compilation problem: 
	Unhandled exception type IOException
">
      <![CDATA[java.lang.Error: Unresolved compilation problem: 
	Unhandled exception type IOException

	at GaneshBorkar.JobSearch.Naukri.invoke(Naukri.java:22)
... Removed 23 stack frames]]>
    </failure>
  </testcase> <!-- @BeforeTest invoke -->
  <testcase name="@AfterTest tearApart" time="0.0" classname="GaneshBorkar.JobSearch.Naukri">
    <skipped/>
  </testcase> <!-- @AfterTest tearApart -->
  <testcase name="login" time="0.002" classname="GaneshBorkar.JobSearch.Naukri">
    <skipped/>
  </testcase> <!-- login -->
  <testcase name="updateProfile" time="0.002" classname="GaneshBorkar.JobSearch.Naukri">
    <skipped/>
  </testcase> <!-- updateProfile -->
</testsuite> <!-- Test2 -->
