<?xml version="1.0" encoding="UTF-8"?>
<testng-results skipped="0" failed="0" total="2" passed="2">
  <reporter-output>
  </reporter-output>
  <suite name="Default suite" duration-ms="26630" started-at="2020-06-10T14:42:14Z" finished-at="2020-06-10T14:42:40Z">
    <groups>
    </groups>
    <test name="Default test" duration-ms="26630" started-at="2020-06-10T14:42:14Z" finished-at="2020-06-10T14:42:40Z">
      <class name="GaneshBorkar.JobSearch.Naukri">
        <test-method status="PASS" signature="invoke()[pri:0, instance:GaneshBorkar.JobSearch.Naukri@4cc0edeb]" name="invoke" is-config="true" duration-ms="8720" started-at="2020-06-10T20:12:14Z" finished-at="2020-06-10T20:12:22Z">
          <reporter-output>
          </reporter-output>
        </test-method> <!-- invoke -->
        <test-method status="PASS" signature="login()[pri:0, instance:GaneshBorkar.JobSearch.Naukri@4cc0edeb]" name="login" duration-ms="8614" started-at="2020-06-10T20:12:22Z" finished-at="2020-06-10T20:12:31Z">
          <reporter-output>
          </reporter-output>
        </test-method> <!-- login -->
        <test-method status="PASS" signature="updateProfile()[pri:1, instance:GaneshBorkar.JobSearch.Naukri@4cc0edeb]" name="updateProfile" duration-ms="9253" started-at="2020-06-10T20:12:31Z" finished-at="2020-06-10T20:12:40Z">
          <reporter-output>
          </reporter-output>
        </test-method> <!-- updateProfile -->
      </class> <!-- GaneshBorkar.JobSearch.Naukri -->
    </test> <!-- Default test -->
  </suite> <!-- Default suite -->
</testng-results>
